0 info it worked if it ends with ok
1 verbose cli [ '/usr/local/bin/node',
1 verbose cli   '/usr/local/bin/npm',
1 verbose cli   'install',
1 verbose cli   'angular-slick' ]
2 info using npm@2.14.20
3 info using node@v4.4.1
4 verbose install initial load of /Users/andreanijean/Desktop/Développement web/projets_Perso/aCurator/aCurate/package.json
5 warn package.json hackathon-arte@1.0.0 No description
6 warn package.json hackathon-arte@1.0.0 No repository field.
7 warn package.json hackathon-arte@1.0.0 No README data
8 verbose installManyTop reading scoped package data from /Users/andreanijean/Desktop/Développement web/projets_Perso/aCurator/aCurate/node_modules/abbrev/package.json
9 verbose installManyTop reading scoped package data from /Users/andreanijean/Desktop/Développement web/projets_Perso/aCurator/aCurate/node_modules/accepts/package.json
10 verbose installManyTop reading scoped package data from /Users/andreanijean/Desktop/Développement web/projets_Perso/aCurator/aCurate/node_modules/angular/package.json
11 verbose installManyTop reading scoped package data from /Users/andreanijean/Desktop/Développement web/projets_Perso/aCurator/aCurate/node_modules/angular-route/package.json
12 verbose installManyTop reading scoped package data from /Users/andreanijean/Desktop/Développement web/projets_Perso/aCurator/aCurate/node_modules/ansi-regex/package.json
13 verbose installManyTop reading scoped package data from /Users/andreanijean/Desktop/Développement web/projets_Perso/aCurator/aCurate/node_modules/ansi-styles/package.json
14 verbose installManyTop reading scoped package data from /Users/andreanijean/Desktop/Développement web/projets_Perso/aCurator/aCurate/node_modules/anymatch/package.json
15 verbose installManyTop reading scoped package data from /Users/andreanijean/Desktop/Développement web/projets_Perso/aCurator/aCurate/node_modules/arr-diff/package.json
16 verbose installManyTop reading scoped package data from /Users/andreanijean/Desktop/Développement web/projets_Perso/aCurator/aCurate/node_modules/arr-flatten/package.json
17 verbose installManyTop reading scoped package data from /Users/andreanijean/Desktop/Développement web/projets_Perso/aCurator/aCurate/node_modules/array-flatten/package.json
18 verbose installManyTop reading scoped package data from /Users/andreanijean/Desktop/Développement web/projets_Perso/aCurator/aCurate/node_modules/array-unique/package.json
19 verbose installManyTop reading scoped package data from /Users/andreanijean/Desktop/Développement web/projets_Perso/aCurator/aCurate/node_modules/arrify/package.json
20 verbose installManyTop reading scoped package data from /Users/andreanijean/Desktop/Développement web/projets_Perso/aCurator/aCurate/node_modules/async-each/package.json
21 verbose installManyTop reading scoped package data from /Users/andreanijean/Desktop/Développement web/projets_Perso/aCurator/aCurate/node_modules/balanced-match/package.json
22 verbose installManyTop reading scoped package data from /Users/andreanijean/Desktop/Développement web/projets_Perso/aCurator/aCurate/node_modules/binary-extensions/package.json
23 verbose installManyTop reading scoped package data from /Users/andreanijean/Desktop/Développement web/projets_Perso/aCurator/aCurate/node_modules/brace-expansion/package.json
24 verbose installManyTop reading scoped package data from /Users/andreanijean/Desktop/Développement web/projets_Perso/aCurator/aCurate/node_modules/braces/package.json
25 verbose installManyTop reading scoped package data from /Users/andreanijean/Desktop/Développement web/projets_Perso/aCurator/aCurate/node_modules/buffer-shims/package.json
26 verbose installManyTop reading scoped package data from /Users/andreanijean/Desktop/Développement web/projets_Perso/aCurator/aCurate/node_modules/chalk/package.json
27 verbose installManyTop reading scoped package data from /Users/andreanijean/Desktop/Développement web/projets_Perso/aCurator/aCurate/node_modules/chokidar/package.json
28 verbose installManyTop reading scoped package data from /Users/andreanijean/Desktop/Développement web/projets_Perso/aCurator/aCurate/node_modules/concat-map/package.json
29 verbose installManyTop reading scoped package data from /Users/andreanijean/Desktop/Développement web/projets_Perso/aCurator/aCurate/node_modules/configstore/package.json
30 verbose installManyTop reading scoped package data from /Users/andreanijean/Desktop/Développement web/projets_Perso/aCurator/aCurate/node_modules/content-disposition/package.json
31 verbose installManyTop reading scoped package data from /Users/andreanijean/Desktop/Développement web/projets_Perso/aCurator/aCurate/node_modules/content-type/package.json
32 verbose installManyTop reading scoped package data from /Users/andreanijean/Desktop/Développement web/projets_Perso/aCurator/aCurate/node_modules/cookie/package.json
33 verbose installManyTop reading scoped package data from /Users/andreanijean/Desktop/Développement web/projets_Perso/aCurator/aCurate/node_modules/cookie-signature/package.json
34 verbose installManyTop reading scoped package data from /Users/andreanijean/Desktop/Développement web/projets_Perso/aCurator/aCurate/node_modules/core-util-is/package.json
35 verbose installManyTop reading scoped package data from /Users/andreanijean/Desktop/Développement web/projets_Perso/aCurator/aCurate/node_modules/debug/package.json
36 verbose installManyTop reading scoped package data from /Users/andreanijean/Desktop/Développement web/projets_Perso/aCurator/aCurate/node_modules/deep-extend/package.json
37 verbose installManyTop reading scoped package data from /Users/andreanijean/Desktop/Développement web/projets_Perso/aCurator/aCurate/node_modules/depd/package.json
38 verbose installManyTop reading scoped package data from /Users/andreanijean/Desktop/Développement web/projets_Perso/aCurator/aCurate/node_modules/destroy/package.json
39 verbose installManyTop reading scoped package data from /Users/andreanijean/Desktop/Développement web/projets_Perso/aCurator/aCurate/node_modules/duplexer/package.json
40 verbose installManyTop reading scoped package data from /Users/andreanijean/Desktop/Développement web/projets_Perso/aCurator/aCurate/node_modules/duplexify/package.json
41 verbose installManyTop reading scoped package data from /Users/andreanijean/Desktop/Développement web/projets_Perso/aCurator/aCurate/node_modules/ee-first/package.json
42 verbose installManyTop reading scoped package data from /Users/andreanijean/Desktop/Développement web/projets_Perso/aCurator/aCurate/node_modules/encodeurl/package.json
43 verbose installManyTop reading scoped package data from /Users/andreanijean/Desktop/Développement web/projets_Perso/aCurator/aCurate/node_modules/end-of-stream/package.json
44 verbose installManyTop reading scoped package data from /Users/andreanijean/Desktop/Développement web/projets_Perso/aCurator/aCurate/node_modules/es6-promise/package.json
45 verbose installManyTop reading scoped package data from /Users/andreanijean/Desktop/Développement web/projets_Perso/aCurator/aCurate/node_modules/escape-html/package.json
46 verbose installManyTop reading scoped package data from /Users/andreanijean/Desktop/Développement web/projets_Perso/aCurator/aCurate/node_modules/escape-string-regexp/package.json
47 verbose installManyTop reading scoped package data from /Users/andreanijean/Desktop/Développement web/projets_Perso/aCurator/aCurate/node_modules/etag/package.json
48 verbose installManyTop reading scoped package data from /Users/andreanijean/Desktop/Développement web/projets_Perso/aCurator/aCurate/node_modules/event-stream/package.json
49 verbose installManyTop reading scoped package data from /Users/andreanijean/Desktop/Développement web/projets_Perso/aCurator/aCurate/node_modules/expand-brackets/package.json
50 verbose installManyTop reading scoped package data from /Users/andreanijean/Desktop/Développement web/projets_Perso/aCurator/aCurate/node_modules/expand-range/package.json
51 verbose installManyTop reading scoped package data from /Users/andreanijean/Desktop/Développement web/projets_Perso/aCurator/aCurate/node_modules/express/package.json
52 verbose installManyTop reading scoped package data from /Users/andreanijean/Desktop/Développement web/projets_Perso/aCurator/aCurate/node_modules/extglob/package.json
53 verbose installManyTop reading scoped package data from /Users/andreanijean/Desktop/Développement web/projets_Perso/aCurator/aCurate/node_modules/filename-regex/package.json
54 verbose installManyTop reading scoped package data from /Users/andreanijean/Desktop/Développement web/projets_Perso/aCurator/aCurate/node_modules/fill-range/package.json
55 verbose installManyTop reading scoped package data from /Users/andreanijean/Desktop/Développement web/projets_Perso/aCurator/aCurate/node_modules/finalhandler/package.json
56 verbose installManyTop reading scoped package data from /Users/andreanijean/Desktop/Développement web/projets_Perso/aCurator/aCurate/node_modules/for-in/package.json
57 verbose installManyTop reading scoped package data from /Users/andreanijean/Desktop/Développement web/projets_Perso/aCurator/aCurate/node_modules/for-own/package.json
58 verbose installManyTop reading scoped package data from /Users/andreanijean/Desktop/Développement web/projets_Perso/aCurator/aCurate/node_modules/forwarded/package.json
59 verbose installManyTop reading scoped package data from /Users/andreanijean/Desktop/Développement web/projets_Perso/aCurator/aCurate/node_modules/fresh/package.json
60 verbose installManyTop reading scoped package data from /Users/andreanijean/Desktop/Développement web/projets_Perso/aCurator/aCurate/node_modules/from/package.json
61 verbose installManyTop reading scoped package data from /Users/andreanijean/Desktop/Développement web/projets_Perso/aCurator/aCurate/node_modules/glob-base/package.json
62 verbose installManyTop reading scoped package data from /Users/andreanijean/Desktop/Développement web/projets_Perso/aCurator/aCurate/node_modules/glob-parent/package.json
63 verbose installManyTop reading scoped package data from /Users/andreanijean/Desktop/Développement web/projets_Perso/aCurator/aCurate/node_modules/got/package.json
64 verbose installManyTop reading scoped package data from /Users/andreanijean/Desktop/Développement web/projets_Perso/aCurator/aCurate/node_modules/graceful-fs/package.json
65 verbose installManyTop reading scoped package data from /Users/andreanijean/Desktop/Développement web/projets_Perso/aCurator/aCurate/node_modules/has-ansi/package.json
66 verbose installManyTop reading scoped package data from /Users/andreanijean/Desktop/Développement web/projets_Perso/aCurator/aCurate/node_modules/http-errors/package.json
67 verbose installManyTop reading scoped package data from /Users/andreanijean/Desktop/Développement web/projets_Perso/aCurator/aCurate/node_modules/ignore-by-default/package.json
68 verbose installManyTop reading scoped package data from /Users/andreanijean/Desktop/Développement web/projets_Perso/aCurator/aCurate/node_modules/imurmurhash/package.json
69 verbose installManyTop reading scoped package data from /Users/andreanijean/Desktop/Développement web/projets_Perso/aCurator/aCurate/node_modules/infinity-agent/package.json
70 verbose installManyTop reading scoped package data from /Users/andreanijean/Desktop/Développement web/projets_Perso/aCurator/aCurate/node_modules/inherits/package.json
71 verbose installManyTop reading scoped package data from /Users/andreanijean/Desktop/Développement web/projets_Perso/aCurator/aCurate/node_modules/ini/package.json
72 verbose installManyTop reading scoped package data from /Users/andreanijean/Desktop/Développement web/projets_Perso/aCurator/aCurate/node_modules/ipaddr.js/package.json
73 verbose installManyTop reading scoped package data from /Users/andreanijean/Desktop/Développement web/projets_Perso/aCurator/aCurate/node_modules/is-binary-path/package.json
74 verbose installManyTop reading scoped package data from /Users/andreanijean/Desktop/Développement web/projets_Perso/aCurator/aCurate/node_modules/is-buffer/package.json
75 verbose installManyTop reading scoped package data from /Users/andreanijean/Desktop/Développement web/projets_Perso/aCurator/aCurate/node_modules/is-dotfile/package.json
76 verbose installManyTop reading scoped package data from /Users/andreanijean/Desktop/Développement web/projets_Perso/aCurator/aCurate/node_modules/is-equal-shallow/package.json
77 verbose installManyTop reading scoped package data from /Users/andreanijean/Desktop/Développement web/projets_Perso/aCurator/aCurate/node_modules/is-extendable/package.json
78 verbose installManyTop reading scoped package data from /Users/andreanijean/Desktop/Développement web/projets_Perso/aCurator/aCurate/node_modules/is-extglob/package.json
79 verbose installManyTop reading scoped package data from /Users/andreanijean/Desktop/Développement web/projets_Perso/aCurator/aCurate/node_modules/is-finite/package.json
80 verbose installManyTop reading scoped package data from /Users/andreanijean/Desktop/Développement web/projets_Perso/aCurator/aCurate/node_modules/is-glob/package.json
81 verbose installManyTop reading scoped package data from /Users/andreanijean/Desktop/Développement web/projets_Perso/aCurator/aCurate/node_modules/is-npm/package.json
82 verbose installManyTop reading scoped package data from /Users/andreanijean/Desktop/Développement web/projets_Perso/aCurator/aCurate/node_modules/is-number/package.json
83 verbose installManyTop reading scoped package data from /Users/andreanijean/Desktop/Développement web/projets_Perso/aCurator/aCurate/node_modules/is-posix-bracket/package.json
84 verbose installManyTop reading scoped package data from /Users/andreanijean/Desktop/Développement web/projets_Perso/aCurator/aCurate/node_modules/is-primitive/package.json
85 verbose installManyTop reading scoped package data from /Users/andreanijean/Desktop/Développement web/projets_Perso/aCurator/aCurate/node_modules/is-redirect/package.json
86 verbose installManyTop reading scoped package data from /Users/andreanijean/Desktop/Développement web/projets_Perso/aCurator/aCurate/node_modules/is-stream/package.json
87 verbose installManyTop reading scoped package data from /Users/andreanijean/Desktop/Développement web/projets_Perso/aCurator/aCurate/node_modules/isarray/package.json
88 verbose installManyTop reading scoped package data from /Users/andreanijean/Desktop/Développement web/projets_Perso/aCurator/aCurate/node_modules/isobject/package.json
89 verbose installManyTop reading scoped package data from /Users/andreanijean/Desktop/Développement web/projets_Perso/aCurator/aCurate/node_modules/kind-of/package.json
90 verbose installManyTop reading scoped package data from /Users/andreanijean/Desktop/Développement web/projets_Perso/aCurator/aCurate/node_modules/latest-version/package.json
91 verbose installManyTop reading scoped package data from /Users/andreanijean/Desktop/Développement web/projets_Perso/aCurator/aCurate/node_modules/lodash._baseassign/package.json
92 verbose installManyTop reading scoped package data from /Users/andreanijean/Desktop/Développement web/projets_Perso/aCurator/aCurate/node_modules/lodash._basecopy/package.json
93 verbose installManyTop reading scoped package data from /Users/andreanijean/Desktop/Développement web/projets_Perso/aCurator/aCurate/node_modules/lodash._bindcallback/package.json
94 verbose installManyTop reading scoped package data from /Users/andreanijean/Desktop/Développement web/projets_Perso/aCurator/aCurate/node_modules/lodash._createassigner/package.json
95 verbose installManyTop reading scoped package data from /Users/andreanijean/Desktop/Développement web/projets_Perso/aCurator/aCurate/node_modules/lodash._getnative/package.json
96 verbose installManyTop reading scoped package data from /Users/andreanijean/Desktop/Développement web/projets_Perso/aCurator/aCurate/node_modules/lodash._isiterateecall/package.json
97 verbose installManyTop reading scoped package data from /Users/andreanijean/Desktop/Développement web/projets_Perso/aCurator/aCurate/node_modules/lodash.assign/package.json
98 verbose installManyTop reading scoped package data from /Users/andreanijean/Desktop/Développement web/projets_Perso/aCurator/aCurate/node_modules/lodash.defaults/package.json
99 verbose installManyTop reading scoped package data from /Users/andreanijean/Desktop/Développement web/projets_Perso/aCurator/aCurate/node_modules/lodash.isarguments/package.json
100 verbose installManyTop reading scoped package data from /Users/andreanijean/Desktop/Développement web/projets_Perso/aCurator/aCurate/node_modules/lodash.isarray/package.json
101 verbose installManyTop reading scoped package data from /Users/andreanijean/Desktop/Développement web/projets_Perso/aCurator/aCurate/node_modules/lodash.keys/package.json
102 verbose installManyTop reading scoped package data from /Users/andreanijean/Desktop/Développement web/projets_Perso/aCurator/aCurate/node_modules/lodash.restparam/package.json
103 verbose installManyTop reading scoped package data from /Users/andreanijean/Desktop/Développement web/projets_Perso/aCurator/aCurate/node_modules/lowercase-keys/package.json
104 verbose installManyTop reading scoped package data from /Users/andreanijean/Desktop/Développement web/projets_Perso/aCurator/aCurate/node_modules/map-stream/package.json
105 verbose installManyTop reading scoped package data from /Users/andreanijean/Desktop/Développement web/projets_Perso/aCurator/aCurate/node_modules/media-typer/package.json
106 verbose installManyTop reading scoped package data from /Users/andreanijean/Desktop/Développement web/projets_Perso/aCurator/aCurate/node_modules/merge-descriptors/package.json
107 verbose installManyTop reading scoped package data from /Users/andreanijean/Desktop/Développement web/projets_Perso/aCurator/aCurate/node_modules/methods/package.json
108 verbose installManyTop reading scoped package data from /Users/andreanijean/Desktop/Développement web/projets_Perso/aCurator/aCurate/node_modules/micromatch/package.json
109 verbose installManyTop reading scoped package data from /Users/andreanijean/Desktop/Développement web/projets_Perso/aCurator/aCurate/node_modules/mime/package.json
110 verbose installManyTop reading scoped package data from /Users/andreanijean/Desktop/Développement web/projets_Perso/aCurator/aCurate/node_modules/mime-db/package.json
111 verbose installManyTop reading scoped package data from /Users/andreanijean/Desktop/Développement web/projets_Perso/aCurator/aCurate/node_modules/mime-types/package.json
112 verbose installManyTop reading scoped package data from /Users/andreanijean/Desktop/Développement web/projets_Perso/aCurator/aCurate/node_modules/minimatch/package.json
113 verbose installManyTop reading scoped package data from /Users/andreanijean/Desktop/Développement web/projets_Perso/aCurator/aCurate/node_modules/minimist/package.json
114 verbose installManyTop reading scoped package data from /Users/andreanijean/Desktop/Développement web/projets_Perso/aCurator/aCurate/node_modules/mkdirp/package.json
115 verbose installManyTop reading scoped package data from /Users/andreanijean/Desktop/Développement web/projets_Perso/aCurator/aCurate/node_modules/ms/package.json
116 verbose installManyTop reading scoped package data from /Users/andreanijean/Desktop/Développement web/projets_Perso/aCurator/aCurate/node_modules/negotiator/package.json
117 verbose installManyTop reading scoped package data from /Users/andreanijean/Desktop/Développement web/projets_Perso/aCurator/aCurate/node_modules/nested-error-stacks/package.json
118 verbose installManyTop reading scoped package data from /Users/andreanijean/Desktop/Développement web/projets_Perso/aCurator/aCurate/node_modules/nodemon/package.json
119 verbose installManyTop reading scoped package data from /Users/andreanijean/Desktop/Développement web/projets_Perso/aCurator/aCurate/node_modules/nopt/package.json
120 verbose installManyTop reading scoped package data from /Users/andreanijean/Desktop/Développement web/projets_Perso/aCurator/aCurate/node_modules/normalize-path/package.json
121 verbose installManyTop reading scoped package data from /Users/andreanijean/Desktop/Développement web/projets_Perso/aCurator/aCurate/node_modules/number-is-nan/package.json
122 verbose installManyTop reading scoped package data from /Users/andreanijean/Desktop/Développement web/projets_Perso/aCurator/aCurate/node_modules/object-assign/package.json
123 verbose installManyTop reading scoped package data from /Users/andreanijean/Desktop/Développement web/projets_Perso/aCurator/aCurate/node_modules/object.omit/package.json
124 verbose installManyTop reading scoped package data from /Users/andreanijean/Desktop/Développement web/projets_Perso/aCurator/aCurate/node_modules/on-finished/package.json
125 verbose installManyTop reading scoped package data from /Users/andreanijean/Desktop/Développement web/projets_Perso/aCurator/aCurate/node_modules/once/package.json
126 verbose installManyTop reading scoped package data from /Users/andreanijean/Desktop/Développement web/projets_Perso/aCurator/aCurate/node_modules/os-homedir/package.json
127 verbose installManyTop reading scoped package data from /Users/andreanijean/Desktop/Développement web/projets_Perso/aCurator/aCurate/node_modules/os-tmpdir/package.json
128 verbose installManyTop reading scoped package data from /Users/andreanijean/Desktop/Développement web/projets_Perso/aCurator/aCurate/node_modules/osenv/package.json
129 verbose installManyTop reading scoped package data from /Users/andreanijean/Desktop/Développement web/projets_Perso/aCurator/aCurate/node_modules/package-json/package.json
130 verbose installManyTop reading scoped package data from /Users/andreanijean/Desktop/Développement web/projets_Perso/aCurator/aCurate/node_modules/parse-glob/package.json
131 verbose installManyTop reading scoped package data from /Users/andreanijean/Desktop/Développement web/projets_Perso/aCurator/aCurate/node_modules/parseurl/package.json
132 verbose installManyTop reading scoped package data from /Users/andreanijean/Desktop/Développement web/projets_Perso/aCurator/aCurate/node_modules/path-is-absolute/package.json
133 verbose installManyTop reading scoped package data from /Users/andreanijean/Desktop/Développement web/projets_Perso/aCurator/aCurate/node_modules/path-to-regexp/package.json
134 verbose installManyTop reading scoped package data from /Users/andreanijean/Desktop/Développement web/projets_Perso/aCurator/aCurate/node_modules/pause-stream/package.json
135 verbose installManyTop reading scoped package data from /Users/andreanijean/Desktop/Développement web/projets_Perso/aCurator/aCurate/node_modules/pinkie/package.json
136 verbose installManyTop reading scoped package data from /Users/andreanijean/Desktop/Développement web/projets_Perso/aCurator/aCurate/node_modules/pinkie-promise/package.json
137 verbose installManyTop reading scoped package data from /Users/andreanijean/Desktop/Développement web/projets_Perso/aCurator/aCurate/node_modules/prepend-http/package.json
138 verbose installManyTop reading scoped package data from /Users/andreanijean/Desktop/Développement web/projets_Perso/aCurator/aCurate/node_modules/preserve/package.json
139 verbose installManyTop reading scoped package data from /Users/andreanijean/Desktop/Développement web/projets_Perso/aCurator/aCurate/node_modules/process-nextick-args/package.json
140 verbose installManyTop reading scoped package data from /Users/andreanijean/Desktop/Développement web/projets_Perso/aCurator/aCurate/node_modules/proxy-addr/package.json
141 verbose installManyTop reading scoped package data from /Users/andreanijean/Desktop/Développement web/projets_Perso/aCurator/aCurate/node_modules/ps-tree/package.json
142 verbose installManyTop reading scoped package data from /Users/andreanijean/Desktop/Développement web/projets_Perso/aCurator/aCurate/node_modules/qs/package.json
143 verbose installManyTop reading scoped package data from /Users/andreanijean/Desktop/Développement web/projets_Perso/aCurator/aCurate/node_modules/randomatic/package.json
144 verbose installManyTop reading scoped package data from /Users/andreanijean/Desktop/Développement web/projets_Perso/aCurator/aCurate/node_modules/range-parser/package.json
145 verbose installManyTop reading scoped package data from /Users/andreanijean/Desktop/Développement web/projets_Perso/aCurator/aCurate/node_modules/rc/package.json
146 verbose installManyTop reading scoped package data from /Users/andreanijean/Desktop/Développement web/projets_Perso/aCurator/aCurate/node_modules/read-all-stream/package.json
147 verbose installManyTop reading scoped package data from /Users/andreanijean/Desktop/Développement web/projets_Perso/aCurator/aCurate/node_modules/readable-stream/package.json
148 verbose installManyTop reading scoped package data from /Users/andreanijean/Desktop/Développement web/projets_Perso/aCurator/aCurate/node_modules/readdirp/package.json
149 verbose installManyTop reading scoped package data from /Users/andreanijean/Desktop/Développement web/projets_Perso/aCurator/aCurate/node_modules/regex-cache/package.json
150 verbose installManyTop reading scoped package data from /Users/andreanijean/Desktop/Développement web/projets_Perso/aCurator/aCurate/node_modules/registry-url/package.json
151 verbose installManyTop reading scoped package data from /Users/andreanijean/Desktop/Développement web/projets_Perso/aCurator/aCurate/node_modules/repeat-element/package.json
152 verbose installManyTop reading scoped package data from /Users/andreanijean/Desktop/Développement web/projets_Perso/aCurator/aCurate/node_modules/repeat-string/package.json
153 verbose installManyTop reading scoped package data from /Users/andreanijean/Desktop/Développement web/projets_Perso/aCurator/aCurate/node_modules/repeating/package.json
154 verbose installManyTop reading scoped package data from /Users/andreanijean/Desktop/Développement web/projets_Perso/aCurator/aCurate/node_modules/semver/package.json
155 verbose installManyTop reading scoped package data from /Users/andreanijean/Desktop/Développement web/projets_Perso/aCurator/aCurate/node_modules/semver-diff/package.json
156 verbose installManyTop reading scoped package data from /Users/andreanijean/Desktop/Développement web/projets_Perso/aCurator/aCurate/node_modules/send/package.json
157 verbose installManyTop reading scoped package data from /Users/andreanijean/Desktop/Développement web/projets_Perso/aCurator/aCurate/node_modules/serve-static/package.json
158 verbose installManyTop reading scoped package data from /Users/andreanijean/Desktop/Développement web/projets_Perso/aCurator/aCurate/node_modules/set-immediate-shim/package.json
159 verbose installManyTop reading scoped package data from /Users/andreanijean/Desktop/Développement web/projets_Perso/aCurator/aCurate/node_modules/setprototypeof/package.json
160 verbose installManyTop reading scoped package data from /Users/andreanijean/Desktop/Développement web/projets_Perso/aCurator/aCurate/node_modules/slide/package.json
161 verbose installManyTop reading scoped package data from /Users/andreanijean/Desktop/Développement web/projets_Perso/aCurator/aCurate/node_modules/split/package.json
162 verbose installManyTop reading scoped package data from /Users/andreanijean/Desktop/Développement web/projets_Perso/aCurator/aCurate/node_modules/statuses/package.json
163 verbose installManyTop reading scoped package data from /Users/andreanijean/Desktop/Développement web/projets_Perso/aCurator/aCurate/node_modules/stream-combiner/package.json
164 verbose installManyTop reading scoped package data from /Users/andreanijean/Desktop/Développement web/projets_Perso/aCurator/aCurate/node_modules/stream-shift/package.json
165 verbose installManyTop reading scoped package data from /Users/andreanijean/Desktop/Développement web/projets_Perso/aCurator/aCurate/node_modules/string-length/package.json
166 verbose installManyTop reading scoped package data from /Users/andreanijean/Desktop/Développement web/projets_Perso/aCurator/aCurate/node_modules/string_decoder/package.json
167 verbose installManyTop reading scoped package data from /Users/andreanijean/Desktop/Développement web/projets_Perso/aCurator/aCurate/node_modules/strip-ansi/package.json
168 verbose installManyTop reading scoped package data from /Users/andreanijean/Desktop/Développement web/projets_Perso/aCurator/aCurate/node_modules/strip-json-comments/package.json
169 verbose installManyTop reading scoped package data from /Users/andreanijean/Desktop/Développement web/projets_Perso/aCurator/aCurate/node_modules/supports-color/package.json
170 verbose installManyTop reading scoped package data from /Users/andreanijean/Desktop/Développement web/projets_Perso/aCurator/aCurate/node_modules/through/package.json
171 verbose installManyTop reading scoped package data from /Users/andreanijean/Desktop/Développement web/projets_Perso/aCurator/aCurate/node_modules/timed-out/package.json
172 verbose installManyTop reading scoped package data from /Users/andreanijean/Desktop/Développement web/projets_Perso/aCurator/aCurate/node_modules/touch/package.json
173 verbose installManyTop reading scoped package data from /Users/andreanijean/Desktop/Développement web/projets_Perso/aCurator/aCurate/node_modules/type-is/package.json
174 verbose installManyTop reading scoped package data from /Users/andreanijean/Desktop/Développement web/projets_Perso/aCurator/aCurate/node_modules/undefsafe/package.json
175 verbose installManyTop reading scoped package data from /Users/andreanijean/Desktop/Développement web/projets_Perso/aCurator/aCurate/node_modules/unpipe/package.json
176 verbose installManyTop reading scoped package data from /Users/andreanijean/Desktop/Développement web/projets_Perso/aCurator/aCurate/node_modules/update-notifier/package.json
177 verbose installManyTop reading scoped package data from /Users/andreanijean/Desktop/Développement web/projets_Perso/aCurator/aCurate/node_modules/util-deprecate/package.json
178 verbose installManyTop reading scoped package data from /Users/andreanijean/Desktop/Développement web/projets_Perso/aCurator/aCurate/node_modules/utils-merge/package.json
179 verbose installManyTop reading scoped package data from /Users/andreanijean/Desktop/Développement web/projets_Perso/aCurator/aCurate/node_modules/uuid/package.json
180 verbose installManyTop reading scoped package data from /Users/andreanijean/Desktop/Développement web/projets_Perso/aCurator/aCurate/node_modules/vary/package.json
181 verbose installManyTop reading scoped package data from /Users/andreanijean/Desktop/Développement web/projets_Perso/aCurator/aCurate/node_modules/wrappy/package.json
182 verbose installManyTop reading scoped package data from /Users/andreanijean/Desktop/Développement web/projets_Perso/aCurator/aCurate/node_modules/write-file-atomic/package.json
183 verbose installManyTop reading scoped package data from /Users/andreanijean/Desktop/Développement web/projets_Perso/aCurator/aCurate/node_modules/xdg-basedir/package.json
184 info package.json arr-flatten@1.0.1 license should be a valid SPDX license expression
185 info package.json array-unique@0.2.1 license should be a valid SPDX license expression
186 info package.json duplexer@0.1.1 No license field.
187 info package.json filename-regex@2.0.0 license should be a valid SPDX license expression
188 info package.json glob-base@0.3.0 license should be a valid SPDX license expression
189 info package.json is-primitive@2.0.0 license should be a valid SPDX license expression
190 info package.json map-stream@0.1.0 No license field.
191 info package.json mime@1.3.4 No license field.
192 info package.json ms@0.7.1 No license field.
193 info package.json nopt@1.0.10 license should be a valid SPDX license expression
194 info package.json pause-stream@0.0.11 license should be a valid SPDX license expression
195 info package.json preserve@0.2.0 license should be a valid SPDX license expression
196 info package.json repeat-element@1.1.2 license should be a valid SPDX license expression
197 info package.json string_decoder@0.10.31 string_decoder is also the name of a node core module.
198 info package.json undefsafe@0.0.3 license should be a valid SPDX license expression
199 info package.json utils-merge@1.0.0 No license field.
200 verbose readDependencies loading dependencies from /Users/andreanijean/Desktop/Développement web/projets_Perso/aCurator/aCurate/package.json
201 silly cache add args [ 'angular-slick', null ]
202 verbose cache add spec angular-slick
203 silly cache add parsed spec Result {
203 silly cache add   raw: 'angular-slick',
203 silly cache add   scope: null,
203 silly cache add   name: 'angular-slick',
203 silly cache add   rawSpec: '',
203 silly cache add   spec: 'latest',
203 silly cache add   type: 'tag' }
204 silly addNamed angular-slick@latest
205 verbose addNamed "latest" is being treated as a dist-tag for angular-slick
206 info addNameTag [ 'angular-slick', 'latest' ]
207 silly mapToRegistry name angular-slick
208 silly mapToRegistry using default registry
209 silly mapToRegistry registry https://registry.npmjs.org/
210 silly mapToRegistry uri https://registry.npmjs.org/angular-slick
211 verbose addNameTag registry:https://registry.npmjs.org/angular-slick not in flight; fetching
212 verbose request uri https://registry.npmjs.org/angular-slick
213 verbose request no auth needed
214 info attempt registry request try #1 at 00:39:19
215 verbose request id 3f8445a4ad825803
216 http request GET https://registry.npmjs.org/angular-slick
217 http 404 https://registry.npmjs.org/angular-slick
218 verbose headers { 'content-type': 'application/json',
218 verbose headers   'cache-control': 'max-age=0',
218 verbose headers   'content-length': '2',
218 verbose headers   'accept-ranges': 'bytes',
218 verbose headers   date: 'Sat, 22 Oct 2016 22:39:20 GMT',
218 verbose headers   via: '1.1 varnish',
218 verbose headers   age: '0',
218 verbose headers   connection: 'keep-alive',
218 verbose headers   'x-served-by': 'cache-cdg8729-CDG',
218 verbose headers   'x-cache': 'MISS',
218 verbose headers   'x-cache-hits': '0',
218 verbose headers   'x-timer': 'S1477175959.738794,VS0,VE449',
218 verbose headers   vary: 'Accept-Encoding' }
219 silly get cb [ 404,
219 silly get   { 'content-type': 'application/json',
219 silly get     'cache-control': 'max-age=0',
219 silly get     'content-length': '2',
219 silly get     'accept-ranges': 'bytes',
219 silly get     date: 'Sat, 22 Oct 2016 22:39:20 GMT',
219 silly get     via: '1.1 varnish',
219 silly get     age: '0',
219 silly get     connection: 'keep-alive',
219 silly get     'x-served-by': 'cache-cdg8729-CDG',
219 silly get     'x-cache': 'MISS',
219 silly get     'x-cache-hits': '0',
219 silly get     'x-timer': 'S1477175959.738794,VS0,VE449',
219 silly get     vary: 'Accept-Encoding' } ]
220 verbose stack Error: Registry returned 404 for GET on https://registry.npmjs.org/angular-slick
220 verbose stack     at makeError (/usr/local/lib/node_modules/npm/node_modules/npm-registry-client/lib/request.js:264:12)
220 verbose stack     at CachingRegistryClient.<anonymous> (/usr/local/lib/node_modules/npm/node_modules/npm-registry-client/lib/request.js:242:14)
220 verbose stack     at Request._callback (/usr/local/lib/node_modules/npm/node_modules/npm-registry-client/lib/request.js:172:14)
220 verbose stack     at Request.self.callback (/usr/local/lib/node_modules/npm/node_modules/request/request.js:199:22)
220 verbose stack     at emitTwo (events.js:87:13)
220 verbose stack     at Request.emit (events.js:172:7)
220 verbose stack     at Request.<anonymous> (/usr/local/lib/node_modules/npm/node_modules/request/request.js:1036:10)
220 verbose stack     at emitOne (events.js:82:20)
220 verbose stack     at Request.emit (events.js:169:7)
220 verbose stack     at IncomingMessage.<anonymous> (/usr/local/lib/node_modules/npm/node_modules/request/request.js:963:12)
221 verbose statusCode 404
222 verbose pkgid angular-slick
223 verbose cwd /Users/andreanijean/Desktop/Développement web/projets_Perso/aCurator/aCurate
224 error Darwin 15.6.0
225 error argv "/usr/local/bin/node" "/usr/local/bin/npm" "install" "angular-slick"
226 error node v4.4.1
227 error npm  v2.14.20
228 error code E404
229 error 404 Registry returned 404 for GET on https://registry.npmjs.org/angular-slick
229 error 404
229 error 404 'angular-slick' is not in the npm registry.
229 error 404 You should bug the author to publish it (or use the name yourself!)
229 error 404 It was specified as a dependency of 'hackathon-arte'
229 error 404
229 error 404 Note that you can also install from a
229 error 404 tarball, folder, http url, or git url.
230 verbose exit [ 1, true ]
